TN:
SF:src\controllers\admin.ts
FN:14,(anonymous_0)
FN:19,(anonymous_1)
FN:24,(anonymous_2)
FN:39,(anonymous_3)
FN:50,(anonymous_4)
FNF:5
FNH:3
FNDA:1,(anonymous_0)
FNDA:0,(anonymous_1)
FNDA:2,(anonymous_2)
FNDA:0,(anonymous_3)
FNDA:3,(anonymous_4)
DA:7,1
DA:8,1
DA:9,1
DA:10,1
DA:11,1
DA:14,1
DA:15,1
DA:19,1
DA:20,0
DA:24,1
DA:26,2
DA:28,2
DA:29,2
DA:30,1
DA:31,1
DA:34,1
DA:35,1
DA:39,1
DA:40,0
DA:41,0
DA:42,0
DA:50,1
DA:51,3
DA:52,3
DA:55,3
DA:56,0
DA:57,0
DA:61,3
DA:62,1
DA:63,1
DA:67,2
DA:68,2
DA:69,0
DA:70,0
DA:74,2
DA:75,1
DA:76,1
DA:80,1
DA:81,0
DA:82,0
DA:85,1
DA:86,1
LF:42
LH:32
BRDA:29,0,0,1
BRDA:29,0,1,1
BRDA:55,1,0,0
BRDA:55,1,1,3
BRDA:61,2,0,1
BRDA:61,2,1,2
BRDA:68,3,0,0
BRDA:68,3,1,2
BRDA:74,4,0,1
BRDA:74,4,1,1
BRDA:80,5,0,0
BRDA:80,5,1,1
BRDA:80,6,0,1
BRDA:80,6,1,0
BRF:14
BRH:10
end_of_record
TN:
SF:src\controllers\auth.ts
FN:12,(anonymous_0)
FN:37,(anonymous_1)
FNF:2
FNH:2
FNDA:3,(anonymous_0)
FNDA:3,(anonymous_1)
DA:7,1
DA:8,1
DA:9,1
DA:12,1
DA:13,3
DA:16,3
DA:17,1
DA:18,1
DA:22,2
DA:23,1
DA:24,1
DA:28,1
DA:30,1
DA:31,1
DA:33,1
DA:37,1
DA:38,3
DA:41,3
DA:42,1
DA:43,1
DA:48,2
DA:50,2
DA:52,1
DA:54,1
DA:55,0
DA:56,0
DA:59,1
DA:60,0
DA:61,0
DA:65,1
DA:66,1
DA:69,1
DA:70,1
LF:33
LH:29
BRDA:16,0,0,1
BRDA:16,0,1,2
BRDA:16,1,0,3
BRDA:16,1,1,2
BRDA:22,2,0,1
BRDA:22,2,1,1
BRDA:41,3,0,1
BRDA:41,3,1,2
BRDA:41,4,0,3
BRDA:41,4,1,2
BRDA:50,5,0,1
BRDA:50,5,1,1
BRDA:54,6,0,0
BRDA:54,6,1,1
BRDA:54,7,0,1
BRDA:54,7,1,0
BRDA:59,8,0,0
BRDA:59,8,1,1
BRDA:59,9,0,1
BRDA:59,9,1,0
BRF:20
BRH:16
end_of_record
TN:
SF:src\controllers\comment.ts
FN:15,(anonymous_0)
FN:31,(anonymous_1)
FN:36,(anonymous_2)
FN:38,(anonymous_3)
FN:64,(anonymous_4)
FN:66,(anonymous_5)
FNF:6
FNH:4
FNDA:2,(anonymous_0)
FNDA:1,(anonymous_1)
FNDA:0,(anonymous_2)
FNDA:0,(anonymous_3)
FNDA:2,(anonymous_4)
FNDA:1,(anonymous_5)
DA:6,1
DA:12,1
DA:15,1
DA:16,2
DA:19,2
DA:20,1
DA:21,1
DA:25,1
DA:27,1
DA:31,1
DA:32,1
DA:36,1
DA:37,0
DA:38,0
DA:40,0
DA:41,0
DA:42,0
DA:45,0
DA:46,0
DA:47,0
DA:48,0
DA:51,0
DA:54,0
DA:55,0
DA:56,0
DA:59,0
DA:60,0
DA:64,1
DA:65,2
DA:66,2
DA:68,2
DA:69,1
DA:70,1
DA:73,1
DA:74,1
DA:75,0
DA:76,0
DA:79,1
DA:80,1
LF:39
LH:22
BRDA:19,0,0,1
BRDA:19,0,1,1
BRDA:40,1,0,0
BRDA:40,1,1,0
BRDA:46,2,0,0
BRDA:46,2,1,0
BRDA:46,3,0,0
BRDA:46,3,1,0
BRDA:46,3,2,0
BRDA:54,4,0,0
BRDA:54,4,1,0
BRDA:54,5,0,0
BRDA:54,5,1,0
BRDA:68,6,0,1
BRDA:68,6,1,1
BRDA:74,7,0,0
BRDA:74,7,1,1
BRDA:74,8,0,1
BRDA:74,8,1,0
BRDA:74,8,2,0
BRF:20
BRH:6
end_of_record
TN:
SF:src\controllers\forum.ts
FN:16,(anonymous_0)
FN:32,(anonymous_1)
FN:37,(anonymous_2)
FN:56,(anonymous_3)
FNF:4
FNH:3
FNDA:2,(anonymous_0)
FNDA:1,(anonymous_1)
FNDA:2,(anonymous_2)
FNDA:0,(anonymous_3)
DA:6,1
DA:13,1
DA:16,1
DA:17,2
DA:20,2
DA:21,1
DA:22,1
DA:26,1
DA:28,1
DA:32,1
DA:33,1
DA:37,1
DA:38,2
DA:40,2
DA:41,1
DA:42,1
DA:45,1
DA:46,1
DA:47,0
DA:48,0
DA:51,1
DA:52,1
DA:56,1
DA:57,0
DA:59,0
DA:60,0
DA:61,0
DA:64,0
DA:65,0
DA:66,0
DA:67,0
DA:70,0
DA:73,0
DA:74,0
DA:75,0
DA:79,0
DA:80,0
DA:81,0
DA:84,0
DA:85,0
LF:40
LH:21
BRDA:20,0,0,1
BRDA:20,0,1,1
BRDA:20,1,0,2
BRDA:20,1,1,1
BRDA:40,2,0,1
BRDA:40,2,1,1
BRDA:46,3,0,0
BRDA:46,3,1,1
BRDA:46,4,0,1
BRDA:46,4,1,0
BRDA:46,4,2,0
BRDA:59,5,0,0
BRDA:59,5,1,0
BRDA:65,6,0,0
BRDA:65,6,1,0
BRDA:65,7,0,0
BRDA:65,7,1,0
BRDA:65,7,2,0
BRDA:73,8,0,0
BRDA:73,8,1,0
BRDA:73,9,0,0
BRDA:73,9,1,0
BRDA:79,10,0,0
BRDA:79,10,1,0
BRDA:79,11,0,0
BRDA:79,11,1,0
BRF:26
BRH:8
end_of_record
TN:
SF:src\controllers\like.ts
FN:11,(anonymous_0)
FNF:1
FNH:1
FNDA:3,(anonymous_0)
DA:6,1
DA:7,1
DA:8,1
DA:11,1
DA:12,3
DA:13,3
DA:17,3
DA:18,3
DA:19,1
DA:20,1
DA:24,2
DA:25,1
DA:26,1
DA:30,1
DA:31,1
DA:32,1
DA:34,1
LF:17
LH:17
BRDA:18,0,0,1
BRDA:18,0,1,2
BRDA:24,1,0,1
BRDA:24,1,1,1
BRF:4
BRH:4
end_of_record
TN:
SF:src\domain\comment.ts
FN:17,createComment
FNF:1
FNH:1
FNDA:3,createComment
DA:17,2
DA:19,3
DA:21,2
LF:3
LH:3
BRDA:19,0,0,1
BRDA:19,0,1,2
BRDA:19,1,0,3
BRDA:19,1,1,2
BRF:4
BRH:4
end_of_record
TN:
SF:src\domain\like.ts
FN:14,createLike
FNF:1
FNH:1
FNDA:3,createLike
DA:14,2
DA:15,3
DA:16,2
DA:17,2
LF:4
LH:4
BRDA:15,0,0,1
BRDA:15,0,1,2
BRDA:16,1,0,0
BRDA:16,1,1,2
BRF:4
BRH:3
end_of_record
TN:
SF:src\domain\post.ts
FN:18,createPost
FNF:1
FNH:1
FNDA:4,createPost
DA:18,2
DA:20,4
DA:23,3
DA:25,2
LF:4
LH:4
BRDA:20,0,0,1
BRDA:20,0,1,3
BRDA:20,1,0,4
BRDA:20,1,1,3
BRDA:23,2,0,1
BRDA:23,2,1,2
BRDA:23,3,0,3
BRDA:23,3,1,2
BRF:8
BRH:8
end_of_record
TN:
SF:src\domain\user.ts
FN:32,createUser
FN:47,isValidStatus
FNF:2
FNH:2
FNDA:4,createUser
FNDA:7,isValidStatus
DA:32,3
DA:34,4
DA:37,3
DA:40,2
DA:47,3
DA:48,7
LF:6
LH:6
BRDA:32,0,0,4
BRDA:34,1,0,1
BRDA:34,1,1,3
BRDA:34,2,0,4
BRDA:34,2,1,3
BRDA:37,3,0,1
BRDA:37,3,1,2
BRDA:37,4,0,3
BRDA:37,4,1,3
BRDA:48,5,0,7
BRDA:48,5,1,6
BRDA:48,5,2,3
BRF:12
BRH:12
end_of_record
TN:
SF:src\middleware\authenticate.ts
FN:23,(anonymous_0)
FNF:1
FNH:1
FNDA:2,(anonymous_0)
DA:8,1
DA:23,1
DA:24,2
DA:26,2
DA:27,1
DA:28,1
DA:31,1
DA:32,1
DA:34,1
DA:35,0
DA:36,0
DA:39,1
DA:40,1
LF:13
LH:11
BRDA:26,0,0,1
BRDA:26,0,1,1
BRDA:34,1,0,0
BRDA:34,1,1,1
BRF:4
BRH:3
end_of_record
TN:
SF:src\middleware\jwt.ts
FN:18,(anonymous_0)
FN:22,(anonymous_1)
FN:26,(anonymous_2)
FN:30,(anonymous_3)
FN:38,(anonymous_4)
FNF:5
FNH:5
FNDA:10,(anonymous_0)
FNDA:2,(anonymous_1)
FNDA:8,(anonymous_2)
FNDA:5,(anonymous_3)
FNDA:4,(anonymous_4)
DA:7,3
DA:8,3
DA:18,3
DA:19,10
DA:22,3
DA:23,2
DA:26,3
DA:27,8
DA:30,3
DA:31,5
DA:32,5
DA:33,5
DA:34,5
DA:38,3
DA:39,4
DA:40,4
DA:42,3
DA:43,3
DA:46,3
DA:48,2
DA:49,2
DA:51,0
LF:22
LH:21
BRDA:40,0,0,1
BRDA:40,0,1,3
BRDA:46,1,0,1
BRDA:46,1,1,2
BRF:4
BRH:4
end_of_record
TN:
SF:src\middleware\requireRole.ts
FN:15,(anonymous_0)
FN:16,(anonymous_1)
FNF:2
FNH:2
FNDA:2,(anonymous_0)
FNDA:2,(anonymous_1)
DA:15,1
DA:16,2
DA:17,2
DA:19,2
DA:20,1
DA:21,1
DA:24,1
LF:7
LH:7
BRDA:19,0,0,1
BRDA:19,0,1,1
BRDA:19,1,0,2
BRDA:19,1,1,2
BRF:4
BRH:4
end_of_record
TN:
SF:src\ports\rest\routes\admin.routes.ts
FNF:0
FNH:0
DA:5,0
DA:6,0
DA:7,0
DA:8,0
DA:11,0
DA:14,0
DA:17,0
DA:20,0
DA:23,0
DA:26,0
DA:28,0
LF:11
LH:0
BRF:0
BRH:0
end_of_record
TN:
SF:src\ports\rest\routes\auth.routes.ts
FNF:0
FNH:0
DA:5,0
DA:6,0
DA:9,0
DA:12,0
DA:15,0
DA:17,0
LF:6
LH:0
BRF:0
BRH:0
end_of_record
TN:
SF:src\ports\rest\routes\posts.routes.ts
FNF:0
FNH:0
DA:5,0
DA:6,0
DA:7,0
DA:8,0
DA:9,0
DA:12,0
DA:17,0
DA:20,0
DA:23,0
DA:26,0
DA:31,0
DA:34,0
DA:37,0
DA:40,0
DA:45,0
DA:47,0
LF:16
LH:0
BRF:0
BRH:0
end_of_record
